<testsuites id="" name="" tests="2" failures="0" skipped="0" errors="0" time="8.3859">
<testsuite name="checkoutFlow.spec.js" timestamp="2025-05-01T16:27:18.660Z" hostname="chromium" tests="1" failures="0" skipped="0" time="3.268" errors="0">
<testcase name="Sauce  Checkout Flow › Checkout flow of sauce Lab" classname="checkoutFlow.spec.js" time="3.268">
</testcase>
</testsuite>
<testsuite name="checkoutFlow.spec.js" timestamp="2025-05-01T16:27:18.660Z" hostname="firefox" tests="1" failures="0" skipped="0" time="5.706" errors="0">
<testcase name="Sauce  Checkout Flow › Checkout flow of sauce Lab" classname="checkoutFlow.spec.js" time="5.706">
</testcase>
</testsuite>
</testsuites>